TN:
SF:db.js
FNF:0
FNH:0
DA:1,1
DA:3,1
LF:2
LH:2
BRF:0
BRH:0
end_of_record
TN:
SF:server.js
FN:19,(anonymous_0)
FN:26,(anonymous_1)
FNF:2
FNH:0
FNDA:0,(anonymous_0)
FNDA:0,(anonymous_1)
DA:1,1
DA:2,1
DA:3,1
DA:4,1
DA:5,1
DA:6,1
DA:7,1
DA:9,1
DA:15,1
DA:16,1
DA:17,1
DA:19,1
DA:20,0
DA:24,1
DA:25,1
DA:26,0
DA:27,0
DA:30,1
LF:18
LH:15
BRDA:4,0,0,1
BRDA:4,0,1,0
BRDA:25,1,0,0
BRDA:25,1,1,1
BRF:4
BRH:2
end_of_record
TN:
SF:controllers\userController.js
FN:6,(anonymous_0)
FN:24,(anonymous_1)
FN:56,(anonymous_2)
FN:88,(anonymous_3)
FN:103,(anonymous_4)
FNF:5
FNH:5
FNDA:1,(anonymous_0)
FNDA:3,(anonymous_1)
FNDA:3,(anonymous_2)
FNDA:2,(anonymous_3)
FNDA:1,(anonymous_4)
DA:1,1
DA:2,1
DA:3,1
DA:4,1
DA:6,1
DA:7,1
DA:9,1
DA:10,0
DA:13,1
DA:15,1
DA:16,1
DA:17,1
DA:19,0
DA:23,1
DA:25,3
DA:26,3
DA:27,3
DA:28,1
DA:30,2
DA:32,2
DA:33,1
DA:35,1
DA:37,1
DA:45,1
DA:46,1
DA:49,1
DA:51,0
DA:52,0
DA:57,3
DA:58,3
DA:60,3
DA:61,0
DA:64,3
DA:66,3
DA:67,1
DA:70,2
DA:72,2
DA:73,1
DA:76,1
DA:80,1
DA:83,0
DA:84,0
DA:89,2
DA:90,2
DA:91,2
DA:92,2
DA:94,1
DA:96,1
DA:98,0
DA:99,0
DA:104,1
DA:105,1
DA:106,1
DA:107,1
DA:109,0
DA:110,0
DA:116,1
LF:57
LH:46
BRDA:7,0,0,1
BRDA:7,0,1,1
BRDA:9,1,0,0
BRDA:9,1,1,1
BRDA:27,2,0,1
BRDA:27,2,1,2
BRDA:27,3,0,3
BRDA:27,3,1,3
BRDA:27,3,2,2
BRDA:27,3,3,2
BRDA:27,3,4,2
BRDA:32,4,0,1
BRDA:32,4,1,1
BRDA:60,5,0,0
BRDA:60,5,1,3
BRDA:60,6,0,3
BRDA:60,6,1,3
BRDA:66,7,0,1
BRDA:66,7,1,2
BRDA:72,8,0,1
BRDA:72,8,1,1
BRDA:92,9,0,1
BRDA:92,9,1,1
BRF:23
BRH:21
end_of_record
TN:
SF:models\userModel.js
FNF:0
FNH:0
DA:1,1
DA:3,1
DA:31,1
DA:34,1
LF:4
LH:4
BRF:0
BRH:0
end_of_record
TN:
SF:routes\userRoute.js
FNF:0
FNH:0
DA:1,1
DA:2,1
DA:3,1
DA:5,1
DA:6,1
DA:7,1
DA:8,1
DA:11,1
LF:8
LH:8
BRF:0
BRH:0
end_of_record
